

Microchip MPLAB XC8 Assembler V2.32 build 20210201212658 
                                                                                               Fri Jun 18 15:04:02 2021

Microchip MPLAB XC8 C Compiler v2.32 (Free license) build 20210201212658 Og1 
     1                           	processor	18F4520
     2                           	fnconf	rparam,??,?,0
     3                           	pagewidth 120
     4                           	opt	flic
     5                           	psect	cinit,global,reloc=2,class=CODE,delta=1
     6                           	psect	cstackCOMRAM,global,class=COMRAM,space=1,delta=1,lowdata,noexec
     7                           	psect	text0,global,reloc=2,class=CODE,delta=1
     8                           	psect	text1,global,reloc=2,class=CODE,delta=1
     9                           	psect	intsave_regs,global,class=BIGRAM,space=1,delta=1,noexec
    10                           	psect	rparam,global,class=COMRAM,space=1,delta=1,noexec
    11                           	psect	idloc,global,abs,ovrld,class=IDLOC,space=5,delta=1,noexec
    12                           	psect	config,global,abs,ovrld,class=CONFIG,space=4,delta=1,noexec
    13  0000                     
    14                           ; Version 2.20
    15                           ; Generated 12/02/2020 GMT
    16                           ; 
    17                           ; Copyright © 2020, Microchip Technology Inc. and its subsidiaries ("Microchip")
    18                           ; All rights reserved.
    19                           ; 
    20                           ; This software is developed by Microchip Technology Inc. and its subsidiaries ("Microch
      +                          ip").
    21                           ; 
    22                           ; Redistribution and use in source and binary forms, with or without modification, are
    23                           ; permitted provided that the following conditions are met:
    24                           ; 
    25                           ;     1. Redistributions of source code must retain the above copyright notice, this lis
      +                          t of
    26                           ;        conditions and the following disclaimer.
    27                           ; 
    28                           ;     2. Redistributions in binary form must reproduce the above copyright notice, this 
      +                          list
    29                           ;        of conditions and the following disclaimer in the documentation and/or other
    30                           ;        materials provided with the distribution.
    31                           ; 
    32                           ;     3. Microchip's name may not be used to endorse or promote products derived from th
      +                          is
    33                           ;        software without specific prior written permission.
    34                           ; 
    35                           ; THIS SOFTWARE IS PROVIDED BY MICROCHIP "AS IS" AND ANY EXPRESS OR IMPLIED WARRANTIES,
    36                           ; INCLUDING, BUT NOT LIMITED TO, THE IMPLIED WARRANTIES OF MERCHANTABILITY AND FITNESS F
      +                          OR
    37                           ; PURPOSE ARE DISCLAIMED.  IN NO EVENT SHALL MICROCHIP BE LIABLE FOR ANY DIRECT, INDIREC
      +                          T,
    38                           ; INCIDENTAL, SPECIAL, EXEMPLARY, OR CONSEQUENTIAL DAMAGES (INCLUDING BUT NOT LIMITED TO
    39                           ; PROCUREMENT OF SUBSTITUTE GOODS OR SERVICES; LOSS OF USE, DATA OR PROFITS; OR BUSINESS
    40                           ; INTERRUPTION) HOWSOEVER CAUSED AND ON ANY THEORY OF LIABILITY, WHETHER IN CONTRACT, ST
      +                          RICT
    41                           ; LIABILITY, OR TORT (INCLUDING NEGLIGENCE OR OTHERWISE) ARISING IN ANY WAY OUT OF THE U
      +                          SE OF
    42                           ; THIS SOFTWARE, EVEN IF ADVISED OF THE POSSIBILITY OF SUCH DAMAGE.
    43                           ; 
    44                           ; 
    45                           ; Code-generator required, PIC18F4520 Definitions
    46                           ; 
    47                           ; SFR Addresses
    48  0000                     _LATBbits	set	3978
    49  0000                     _PORTBbits	set	3969
    50  0000                     _PORTDbits	set	3971
    51  0000                     _TRISDbits	set	3989
    52  0000                     _TRISB	set	3987
    53                           
    54                           ; #config settings
    55                           
    56                           	psect	cinit
    57  007FA0                     __pcinit:
    58                           	callstack 0
    59  007FA0                     start_initialization:
    60                           	callstack 0
    61  007FA0                     __initialization:
    62                           	callstack 0
    63  007FA0                     end_of_initialization:
    64                           	callstack 0
    65  007FA0                     __end_of__initialization:
    66                           	callstack 0
    67  007FA0  0100               	movlb	0
    68  007FA2  EFE4  F03F         	goto	_main	;jump to C main() function
    69                           
    70                           	psect	cstackCOMRAM
    71  000001                     __pcstackCOMRAM:
    72                           	callstack 0
    73  000001                     ??_pisca_led:
    74  000001                     
    75                           ; 1 bytes @ 0x0
    76  000001                     	ds	1
    77  000002                     ??_main:
    78                           
    79                           ; 1 bytes @ 0x1
    80  000002                     	ds	2
    81                           
    82 ;;
    83 ;;Main: autosize = 0, tempsize = 2, incstack = 0, save=0
    84 ;;
    85 ;; *************** function _main *****************
    86 ;; Defined at:
    87 ;;		line 17 in file "main.c"
    88 ;; Parameters:    Size  Location     Type
    89 ;;		None
    90 ;; Auto vars:     Size  Location     Type
    91 ;;		None
    92 ;; Return value:  Size  Location     Type
    93 ;;                  1    wreg      void 
    94 ;; Registers used:
    95 ;;		wreg, status,2, status,0, cstack
    96 ;; Tracked objects:
    97 ;;		On entry : 0/0
    98 ;;		On exit  : 0/0
    99 ;;		Unchanged: 0/0
   100 ;; Data sizes:     COMRAM   BANK0   BANK1   BANK2   BANK3   BANK4   BANK5
   101 ;;      Params:         0       0       0       0       0       0       0
   102 ;;      Locals:         0       0       0       0       0       0       0
   103 ;;      Temps:          2       0       0       0       0       0       0
   104 ;;      Totals:         2       0       0       0       0       0       0
   105 ;;Total ram usage:        2 bytes
   106 ;; Hardware stack levels required when called: 1
   107 ;; This function calls:
   108 ;;		_pisca_led
   109 ;; This function is called by:
   110 ;;		Startup code after reset
   111 ;; This function uses a non-reentrant model
   112 ;;
   113                           
   114                           	psect	text0
   115  007FC8                     __ptext0:
   116                           	callstack 0
   117  007FC8                     _main:
   118                           	callstack 30
   119  007FC8                     
   120                           ;main.c: 23:    TRISB = 0b11111110;
   121  007FC8  0EFE               	movlw	254
   122  007FCA  6E93               	movwf	147,c	;volatile
   123  007FCC                     
   124                           ;main.c: 24:    TRISDbits.RD0 = 1;
   125  007FCC  8095               	bsf	149,0,c	;volatile
   126  007FCE                     l710:
   127                           
   128                           ;main.c: 26:       if(PORTDbits.RD0){
   129  007FCE  A083               	btfss	131,0,c	;volatile
   130  007FD0  EFEC  F03F         	goto	u21
   131  007FD4  EFEE  F03F         	goto	u20
   132  007FD8                     u21:
   133  007FD8  EFF0  F03F         	goto	l714
   134  007FDC                     u20:
   135  007FDC                     
   136                           ;main.c: 27:       pisca_led();
   137  007FDC  ECD3  F03F         	call	_pisca_led	;wreg free
   138  007FE0                     l714:
   139                           
   140                           ;main.c: 29:       _delay((unsigned long)((300)*(4000000/4000.0)));
   141  007FE0  0E02               	movlw	2
   142  007FE2  6E03               	movwf	(??_main+1)^0,c
   143  007FE4  0E86               	movlw	134
   144  007FE6  6E02               	movwf	??_main^0,c
   145  007FE8  0E99               	movlw	153
   146  007FEA                     u37:
   147  007FEA  2EE8               	decfsz	wreg,f,c
   148  007FEC  D7FE               	bra	u37
   149  007FEE  2E02               	decfsz	??_main^0,f,c
   150  007FF0  D7FC               	bra	u37
   151  007FF2  2E03               	decfsz	(??_main+1)^0,f,c
   152  007FF4  D7FA               	bra	u37
   153  007FF6  F000               	nop	
   154  007FF8  EFE7  F03F         	goto	l710
   155  007FFC  EF00  F000         	goto	start
   156  008000                     __end_of_main:
   157                           	callstack 0
   158                           
   159 ;; *************** function _pisca_led *****************
   160 ;; Defined at:
   161 ;;		line 36 in file "main.c"
   162 ;; Parameters:    Size  Location     Type
   163 ;;		None
   164 ;; Auto vars:     Size  Location     Type
   165 ;;		None
   166 ;; Return value:  Size  Location     Type
   167 ;;                  1    wreg      void 
   168 ;; Registers used:
   169 ;;		wreg, status,2, status,0
   170 ;; Tracked objects:
   171 ;;		On entry : 0/0
   172 ;;		On exit  : 0/0
   173 ;;		Unchanged: 0/0
   174 ;; Data sizes:     COMRAM   BANK0   BANK1   BANK2   BANK3   BANK4   BANK5
   175 ;;      Params:         0       0       0       0       0       0       0
   176 ;;      Locals:         0       0       0       0       0       0       0
   177 ;;      Temps:          1       0       0       0       0       0       0
   178 ;;      Totals:         1       0       0       0       0       0       0
   179 ;;Total ram usage:        1 bytes
   180 ;; Hardware stack levels used: 1
   181 ;; This function calls:
   182 ;;		Nothing
   183 ;; This function is called by:
   184 ;;		_main
   185 ;; This function uses a non-reentrant model
   186 ;;
   187                           
   188                           	psect	text1
   189  007FA6                     __ptext1:
   190                           	callstack 0
   191  007FA6                     _pisca_led:
   192                           	callstack 30
   193  007FA6                     
   194                           ;main.c: 39:       PORTBbits.RB0 = ~LATBbits.LB0;
   195  007FA6  B08A               	btfsc	138,0,c	;volatile
   196  007FA8  EFD8  F03F         	goto	u11
   197  007FAC  EFDB  F03F         	goto	u10
   198  007FB0                     u11:
   199  007FB0  0E01               	movlw	1
   200  007FB2  EFDC  F03F         	goto	u16
   201  007FB6                     u10:
   202  007FB6  0E00               	movlw	0
   203  007FB8                     u16:
   204  007FB8  0AFF               	xorlw	255
   205  007FBA  6E01               	movwf	??_pisca_led^0,c
   206  007FBC  5081               	movf	129,w,c	;volatile
   207  007FBE  1801               	xorwf	??_pisca_led^0,w,c
   208  007FC0  0BFE               	andlw	-2
   209  007FC2  1801               	xorwf	??_pisca_led^0,w,c
   210  007FC4  6E81               	movwf	129,c	;volatile
   211  007FC6  0012               	return		;funcret
   212  007FC8                     __end_of_pisca_led:
   213                           	callstack 0
   214  0000                     
   215                           	psect	rparam
   216  0000                     
   217                           	psect	idloc
   218                           
   219                           ;Config register IDLOC0 @ 0x200000
   220                           ;	unspecified, using default values
   221  200000                     	org	2097152
   222  200000  FF                 	db	255
   223                           
   224                           ;Config register IDLOC1 @ 0x200001
   225                           ;	unspecified, using default values
   226  200001                     	org	2097153
   227  200001  FF                 	db	255
   228                           
   229                           ;Config register IDLOC2 @ 0x200002
   230                           ;	unspecified, using default values
   231  200002                     	org	2097154
   232  200002  FF                 	db	255
   233                           
   234                           ;Config register IDLOC3 @ 0x200003
   235                           ;	unspecified, using default values
   236  200003                     	org	2097155
   237  200003  FF                 	db	255
   238                           
   239                           ;Config register IDLOC4 @ 0x200004
   240                           ;	unspecified, using default values
   241  200004                     	org	2097156
   242  200004  FF                 	db	255
   243                           
   244                           ;Config register IDLOC5 @ 0x200005
   245                           ;	unspecified, using default values
   246  200005                     	org	2097157
   247  200005  FF                 	db	255
   248                           
   249                           ;Config register IDLOC6 @ 0x200006
   250                           ;	unspecified, using default values
   251  200006                     	org	2097158
   252  200006  FF                 	db	255
   253                           
   254                           ;Config register IDLOC7 @ 0x200007
   255                           ;	unspecified, using default values
   256  200007                     	org	2097159
   257  200007  FF                 	db	255
   258                           
   259                           	psect	config
   260                           
   261                           ; Padding undefined space
   262  300000                     	org	3145728
   263  300000  FF                 	db	255
   264                           
   265                           ;Config register CONFIG1H @ 0x300001
   266                           ;	unspecified, using default values
   267                           ;	Oscillator Selection bits
   268                           ;	OSC = 0x7, unprogrammed default
   269                           ;	Fail-Safe Clock Monitor Enable bit
   270                           ;	FCMEN = 0x0, unprogrammed default
   271                           ;	Internal/External Oscillator Switchover bit
   272                           ;	IESO = 0x0, unprogrammed default
   273  300001                     	org	3145729
   274  300001  07                 	db	7
   275                           
   276                           ;Config register CONFIG2L @ 0x300002
   277                           ;	unspecified, using default values
   278                           ;	Power-up Timer Enable bit
   279                           ;	PWRT = 0x1, unprogrammed default
   280                           ;	Brown-out Reset Enable bits
   281                           ;	BOREN = 0x3, unprogrammed default
   282                           ;	Brown Out Reset Voltage bits
   283                           ;	BORV = 0x3, unprogrammed default
   284  300002                     	org	3145730
   285  300002  1F                 	db	31
   286                           
   287                           ;Config register CONFIG2H @ 0x300003
   288                           ;	unspecified, using default values
   289                           ;	Watchdog Timer Enable bit
   290                           ;	WDT = 0x1, unprogrammed default
   291                           ;	Watchdog Timer Postscale Select bits
   292                           ;	WDTPS = 0xF, unprogrammed default
   293  300003                     	org	3145731
   294  300003  1F                 	db	31
   295                           
   296                           ; Padding undefined space
   297  300004                     	org	3145732
   298  300004  FF                 	db	255
   299                           
   300                           ;Config register CONFIG3H @ 0x300005
   301                           ;	unspecified, using default values
   302                           ;	CCP2 MUX bit
   303                           ;	CCP2MX = 0x1, unprogrammed default
   304                           ;	PORTB A/D Enable bit
   305                           ;	PBADEN = 0x1, unprogrammed default
   306                           ;	Low-Power Timer1 Oscillator Enable bit
   307                           ;	LPT1OSC = 0x0, unprogrammed default
   308                           ;	MCLR Pin Enable bit
   309                           ;	MCLRE = 0x1, unprogrammed default
   310  300005                     	org	3145733
   311  300005  83                 	db	131
   312                           
   313                           ;Config register CONFIG4L @ 0x300006
   314                           ;	unspecified, using default values
   315                           ;	Stack Full/Underflow Reset Enable bit
   316                           ;	STVREN = 0x1, unprogrammed default
   317                           ;	Single-Supply ICSP Enable bit
   318                           ;	LVP = 0x1, unprogrammed default
   319                           ;	Extended Instruction Set Enable bit
   320                           ;	XINST = 0x0, unprogrammed default
   321                           ;	Background Debugger Enable bit
   322                           ;	DEBUG = 0x1, unprogrammed default
   323  300006                     	org	3145734
   324  300006  85                 	db	133
   325                           
   326                           ; Padding undefined space
   327  300007                     	org	3145735
   328  300007  FF                 	db	255
   329                           
   330                           ;Config register CONFIG5L @ 0x300008
   331                           ;	unspecified, using default values
   332                           ;	Code Protection bit
   333                           ;	CP0 = 0x1, unprogrammed default
   334                           ;	Code Protection bit
   335                           ;	CP1 = 0x1, unprogrammed default
   336                           ;	Code Protection bit
   337                           ;	CP2 = 0x1, unprogrammed default
   338                           ;	Code Protection bit
   339                           ;	CP3 = 0x1, unprogrammed default
   340  300008                     	org	3145736
   341  300008  0F                 	db	15
   342                           
   343                           ;Config register CONFIG5H @ 0x300009
   344                           ;	unspecified, using default values
   345                           ;	Boot Block Code Protection bit
   346                           ;	CPB = 0x1, unprogrammed default
   347                           ;	Data EEPROM Code Protection bit
   348                           ;	CPD = 0x1, unprogrammed default
   349  300009                     	org	3145737
   350  300009  C0                 	db	192
   351                           
   352                           ;Config register CONFIG6L @ 0x30000A
   353                           ;	unspecified, using default values
   354                           ;	Write Protection bit
   355                           ;	WRT0 = 0x1, unprogrammed default
   356                           ;	Write Protection bit
   357                           ;	WRT1 = 0x1, unprogrammed default
   358                           ;	Write Protection bit
   359                           ;	WRT2 = 0x1, unprogrammed default
   360                           ;	Write Protection bit
   361                           ;	WRT3 = 0x1, unprogrammed default
   362  30000A                     	org	3145738
   363  30000A  0F                 	db	15
   364                           
   365                           ;Config register CONFIG6H @ 0x30000B
   366                           ;	unspecified, using default values
   367                           ;	Configuration Register Write Protection bit
   368                           ;	WRTC = 0x1, unprogrammed default
   369                           ;	Boot Block Write Protection bit
   370                           ;	WRTB = 0x1, unprogrammed default
   371                           ;	Data EEPROM Write Protection bit
   372                           ;	WRTD = 0x1, unprogrammed default
   373  30000B                     	org	3145739
   374  30000B  E0                 	db	224
   375                           
   376                           ;Config register CONFIG7L @ 0x30000C
   377                           ;	unspecified, using default values
   378                           ;	Table Read Protection bit
   379                           ;	EBTR0 = 0x1, unprogrammed default
   380                           ;	Table Read Protection bit
   381                           ;	EBTR1 = 0x1, unprogrammed default
   382                           ;	Table Read Protection bit
   383                           ;	EBTR2 = 0x1, unprogrammed default
   384                           ;	Table Read Protection bit
   385                           ;	EBTR3 = 0x1, unprogrammed default
   386  30000C                     	org	3145740
   387  30000C  0F                 	db	15
   388                           
   389                           ;Config register CONFIG7H @ 0x30000D
   390                           ;	unspecified, using default values
   391                           ;	Boot Block Table Read Protection bit
   392                           ;	EBTRB = 0x1, unprogrammed default
   393  30000D                     	org	3145741
   394  30000D  40                 	db	64
   395                           tosu	equ	0xFFF
   396                           tosh	equ	0xFFE
   397                           tosl	equ	0xFFD
   398                           stkptr	equ	0xFFC
   399                           pclatu	equ	0xFFB
   400                           pclath	equ	0xFFA
   401                           pcl	equ	0xFF9
   402                           tblptru	equ	0xFF8
   403                           tblptrh	equ	0xFF7
   404                           tblptrl	equ	0xFF6
   405                           tablat	equ	0xFF5
   406                           prodh	equ	0xFF4
   407                           prodl	equ	0xFF3
   408                           indf0	equ	0xFEF
   409                           postinc0	equ	0xFEE
   410                           postdec0	equ	0xFED
   411                           preinc0	equ	0xFEC
   412                           plusw0	equ	0xFEB
   413                           fsr0h	equ	0xFEA
   414                           fsr0l	equ	0xFE9
   415                           wreg	equ	0xFE8
   416                           indf1	equ	0xFE7
   417                           postinc1	equ	0xFE6
   418                           postdec1	equ	0xFE5
   419                           preinc1	equ	0xFE4
   420                           plusw1	equ	0xFE3
   421                           fsr1h	equ	0xFE2
   422                           fsr1l	equ	0xFE1
   423                           bsr	equ	0xFE0
   424                           indf2	equ	0xFDF
   425                           postinc2	equ	0xFDE
   426                           postdec2	equ	0xFDD
   427                           preinc2	equ	0xFDC
   428                           plusw2	equ	0xFDB
   429                           fsr2h	equ	0xFDA
   430                           fsr2l	equ	0xFD9
   431                           status	equ	0xFD8

Data Sizes:
    Strings     0
    Constant    0
    Data        0
    BSS         0
    Persistent  0
    Stack       0

Auto Spaces:
    Space          Size  Autos    Used
    COMRAM          127      3       3
    BANK0           128      0       0
    BANK1           256      0       0
    BANK2           256      0       0
    BANK3           256      0       0
    BANK4           256      0       0
    BANK5           256      0       0

Pointer List with Targets:

    None.

Critical Paths under _main in COMRAM

    _main->_pisca_led

Critical Paths under _main in BANK0

    None.

Critical Paths under _main in BANK1

    None.

Critical Paths under _main in BANK2

    None.

Critical Paths under _main in BANK3

    None.

Critical Paths under _main in BANK4

    None.

Critical Paths under _main in BANK5

    None.

Call Graph Tables:

 ---------------------------------------------------------------------------------
 (Depth) Function   	        Calls       Base Space   Used Autos Params    Refs
 ---------------------------------------------------------------------------------
 (0) _main                                                 2     2      0       0
                                              1 COMRAM     2     2      0
                          _pisca_led
 ---------------------------------------------------------------------------------
 (1) _pisca_led                                            1     1      0       0
                                              0 COMRAM     1     1      0
 ---------------------------------------------------------------------------------
 Estimated maximum stack depth 1
 ---------------------------------------------------------------------------------

 Call Graph Graphs:

 _main (ROOT)
   _pisca_led

 Address spaces:
Name               Size   Autos  Total    Cost      Usage
BITCOMRAM           7F      0       0       0        0.0%
EEDATA             100      0       0       0        0.0%
NULL                 0      0       0       0        0.0%
CODE                 0      0       0       0        0.0%
COMRAM              7F      3       3       1        2.4%
STACK                0      0       0       2        0.0%
DATA                 0      0       0       3        0.0%
BITBANK0            80      0       0       4        0.0%
BANK0               80      0       0       5        0.0%
BITBANK1           100      0       0       6        0.0%
BANK1              100      0       0       7        0.0%
BITBANK2           100      0       0       8        0.0%
BANK2              100      0       0       9        0.0%
BITBANK3           100      0       0      10        0.0%
BANK3              100      0       0      11        0.0%
BITBANK4           100      0       0      12        0.0%
BANK4              100      0       0      13        0.0%
BANK5              100      0       0      14        0.0%
ABS                  0      0       0      15        0.0%
BITBANK5           100      0       0      16        0.0%
BIGRAM             5FF      0       0      17        0.0%
BITSFR               0      0       0     200        0.0%
SFR                  0      0       0     200        0.0%


Microchip Technology PIC18 Macro Assembler V2.32 build 20210201212658 
Symbol Table                                                                                   Fri Jun 18 15:04:02 2021

                     l26 7FC6                       u10 7FB6                       u11 7FB0  
                     u20 7FDC                       u21 7FD8                       u16 7FB8  
                     u37 7FEA                      l702 7FA6                      l710 7FCE  
                    l712 7FDC                      l714 7FE0                      l706 7FC8  
                    l708 7FCC                      wreg 000FE8                     _main 7FC8  
                   start 0000             ___param_bank 000000                    ?_main 0001  
                  _TRISB 000F93          __initialization 7FA0             __end_of_main 8000  
                 ??_main 0002            __activetblptr 000000                   isa$std 000001  
             __accesstop 0080  __end_of__initialization 7FA0            ___rparam_used 000001  
         __pcstackCOMRAM 0001       __size_of_pisca_led 0022                  __Hparam 0000  
                __Lparam 0000                  __pcinit 7FA0                  __ramtop 0600  
                __ptext0 7FC8                  __ptext1 7FA6     end_of_initialization 7FA0  
      __end_of_pisca_led 7FC8                _PORTBbits 000F81                _PORTDbits 000F83  
              _TRISDbits 000F95      start_initialization 7FA0                 _LATBbits 000F8A  
              _pisca_led 7FA6               ?_pisca_led 0001                 __Hrparam 0000  
               __Lrparam 0000            __size_of_main 0038                 isa$xinst 000000  
            ??_pisca_led 0001  
